android/build/intermediates/manifest_merge_blame_file/release/manifest-merger-blame-release-report.txt
1<?xml version="1.0" encoding="utf-8"?>
2<manifest xmlns:android="http://schemas.android.com/apk/res/android"
3    xmlns:dist="http://schemas.android.com/apk/distribution"
4    package="com.seasluggames.serenitypixeldungeon"
5    android:installLocation="auto"
6    android:targetSandboxVersion="2"
7    android:versionCode="8"
8    android:versionName="0.0.8b" >
9
10    <uses-sdk
11        android:minSdkVersion="16"
11-->src\main\AndroidManifest.xml
12        android:targetSdkVersion="30" />
12-->src\main\AndroidManifest.xml
13
14    <dist:module dist:instant="true" />
14-->src\main\AndroidManifest.xml:8:2-37
14-->src\main\AndroidManifest.xml:8:15-34
15
16    <uses-feature android:glEsVersion="0x00020000" />
16-->src\main\AndroidManifest.xml:9:2-50
16-->src\main\AndroidManifest.xml:9:16-48
17
18    <uses-permission android:name="android.permission.ACCESS_NETWORK_STATE" />
18-->src\main\AndroidManifest.xml:11:2-76
18-->src\main\AndroidManifest.xml:11:19-73
19    <uses-permission android:name="android.permission.VIBRATE" />
19-->src\main\AndroidManifest.xml:12:5-66
19-->src\main\AndroidManifest.xml:12:22-63
20    <uses-permission android:name="android.permission.INTERNET" />
20-->src\main\AndroidManifest.xml:13:2-64
20-->src\main\AndroidManifest.xml:13:19-61
21
22    <!--
23         Note that the game doesn't truly support small screen resolutions,
24		it instead forces downscaling to work on these displays.
25    -->
26    <supports-screens
26-->src\main\AndroidManifest.xml:17:2-21:33
27        android:largeScreens="true"
27-->src\main\AndroidManifest.xml:20:3-30
28        android:normalScreens="true"
28-->src\main\AndroidManifest.xml:19:3-31
29        android:smallScreens="true"
29-->src\main\AndroidManifest.xml:18:3-30
30        android:xlargeScreens="true" />
30-->src\main\AndroidManifest.xml:21:3-31
31
32    <uses-permission android:name="android.permission.WAKE_LOCK" />
32-->[com.google.android.gms:play-services-measurement-api:18.0.2] AndroidManifest.xml:24:5-68
32-->[com.google.android.gms:play-services-measurement-api:18.0.2] AndroidManifest.xml:24:22-65
33    <uses-permission android:name="com.google.android.finsky.permission.BIND_GET_INSTALL_REFERRER_SERVICE" /> <!-- Android package visibility setting -->
33-->[com.google.android.gms:play-services-measurement:18.0.2] AndroidManifest.xml:26:5-110
33-->[com.google.android.gms:play-services-measurement:18.0.2] AndroidManifest.xml:26:22-107
34    <queries>
34-->[com.google.android.gms:play-services-ads-lite:19.7.0] AndroidManifest.xml:27:5-43:15
35
36        <!-- For browser content -->
37        <intent>
37-->[com.google.android.gms:play-services-ads-lite:19.7.0] AndroidManifest.xml:30:9-36:18
38            <action android:name="android.intent.action.VIEW" />
38-->[com.google.firebase:firebase-auth:20.0.3] AndroidManifest.xml:34:17-69
38-->[com.google.firebase:firebase-auth:20.0.3] AndroidManifest.xml:34:25-66
39
40            <category android:name="android.intent.category.BROWSABLE" />
40-->[com.google.firebase:firebase-auth:20.0.3] AndroidManifest.xml:37:17-78
40-->[com.google.firebase:firebase-auth:20.0.3] AndroidManifest.xml:37:27-75
41
42            <data android:scheme="https" />
42-->[com.google.firebase:firebase-auth:20.0.3] AndroidManifest.xml:39:17-42:51
42-->[com.google.firebase:firebase-auth:20.0.3] AndroidManifest.xml:42:21-48
43        </intent>
44        <!-- End of browser content -->
45        <!-- For CustomTabsService -->
46        <intent>
46-->[com.google.android.gms:play-services-ads-lite:19.7.0] AndroidManifest.xml:39:9-41:18
47            <action android:name="android.support.customtabs.action.CustomTabsService" />
47-->[com.google.android.gms:play-services-ads-lite:19.7.0] AndroidManifest.xml:40:13-90
47-->[com.google.android.gms:play-services-ads-lite:19.7.0] AndroidManifest.xml:40:21-87
48        </intent>
49        <!-- End of CustomTabsService -->
50    </queries>
51
52    <uses-permission android:name="android.permission.RECEIVE_BOOT_COMPLETED" />
52-->[androidx.work:work-runtime:2.1.0] AndroidManifest.xml:27:5-81
52-->[androidx.work:work-runtime:2.1.0] AndroidManifest.xml:27:22-78
53
54    <application
55        android:name="androidx.multidex.MultiDexApplication"
56        android:allowBackup="true"
56-->src\main\AndroidManifest.xml:28:3-29
57        android:appComponentFactory="androidx.core.app.CoreComponentFactory"
57-->[androidx.core:core:1.2.0] AndroidManifest.xml:24:18-86
58        android:backupAgent="com.seasluggames.serenitypixeldungeon.android.AndroidBackupHandler"
58-->src\main\AndroidManifest.xml:30:3-91
59        android:fullBackupOnly="true"
59-->src\main\AndroidManifest.xml:29:3-32
60        android:icon="@mipmap/ic_launcher"
60-->src\main\AndroidManifest.xml:24:3-37
61        android:label="Serenity Pixel Dungeon"
61-->src\main\AndroidManifest.xml:25:3-29
62        android:resizeableActivity="true"
62-->src\main\AndroidManifest.xml:27:3-36
63        android:theme="@android:style/Theme.Black.NoTitleBar" >
63-->src\main\AndroidManifest.xml:26:3-56
64        <activity
65            android:name="com.seasluggames.serenitypixeldungeon.android.AndroidLauncher"
65-->src\main\AndroidManifest.xml:33:4-80
66            android:label="Serenity Pixel Dungeon" >
66-->src\main\AndroidManifest.xml:32:4-30
67            <intent-filter>
67-->src\main\AndroidManifest.xml:34:4-37:20
68                <action android:name="android.intent.action.MAIN" />
68-->src\main\AndroidManifest.xml:35:5-57
68-->src\main\AndroidManifest.xml:35:13-54
69
70                <category android:name="android.intent.category.LAUNCHER" />
70-->src\main\AndroidManifest.xml:36:5-65
70-->src\main\AndroidManifest.xml:36:15-62
71            </intent-filter>
72        </activity>
73        <activity
74            android:name="com.seasluggames.serenitypixeldungeon.android.AndroidGame"
74-->src\main\AndroidManifest.xml:41:4-76
75            android:configChanges="keyboard|keyboardHidden|orientation|screenSize|screenLayout|smallestScreenSize"
75-->src\main\AndroidManifest.xml:43:4-106
76            android:label="Serenity Pixel Dungeon"
76-->src\main\AndroidManifest.xml:40:4-30
77            android:screenOrientation="nosensor" >
77-->src\main\AndroidManifest.xml:42:4-40
78        </activity>
79
80        <!-- Sample AdMob app ID: ca-app-pub-3940256099942544~3347511713 -->
81        <meta-data
81-->src\main\AndroidManifest.xml:47:3-49:60
82            android:name="com.google.android.gms.ads.APPLICATION_ID"
82-->src\main\AndroidManifest.xml:48:4-60
83            android:value="ca-app-pub-8412258401353384~2614412636" />
83-->src\main\AndroidManifest.xml:49:4-58
84        <meta-data
84-->src\main\AndroidManifest.xml:51:3-52:37
85            android:name="com.google.android.gms.games.APP_ID"
85-->src\main\AndroidManifest.xml:51:14-64
86            android:value="@string/app_id" />
86-->src\main\AndroidManifest.xml:52:4-34
87        <meta-data
87-->src\main\AndroidManifest.xml:53:3-54:59
88            android:name="com.google.android.gms.version"
88-->src\main\AndroidManifest.xml:53:14-59
89            android:value="@integer/google_play_services_version" />
89-->src\main\AndroidManifest.xml:54:4-57
90
91        <activity
91-->[com.google.firebase:firebase-auth:20.0.3] AndroidManifest.xml:27:9-44:20
92            android:name="com.google.firebase.auth.internal.GenericIdpActivity"
92-->[com.google.firebase:firebase-auth:20.0.3] AndroidManifest.xml:28:13-80
93            android:excludeFromRecents="true"
93-->[com.google.firebase:firebase-auth:20.0.3] AndroidManifest.xml:29:13-46
94            android:exported="true"
94-->[com.google.firebase:firebase-auth:20.0.3] AndroidManifest.xml:30:13-36
95            android:launchMode="singleTask"
95-->[com.google.firebase:firebase-auth:20.0.3] AndroidManifest.xml:31:13-44
96            android:theme="@android:style/Theme.Translucent.NoTitleBar" >
96-->[com.google.firebase:firebase-auth:20.0.3] AndroidManifest.xml:32:13-72
97            <intent-filter>
97-->[com.google.firebase:firebase-auth:20.0.3] AndroidManifest.xml:33:13-43:29
98                <action android:name="android.intent.action.VIEW" />
98-->[com.google.firebase:firebase-auth:20.0.3] AndroidManifest.xml:34:17-69
98-->[com.google.firebase:firebase-auth:20.0.3] AndroidManifest.xml:34:25-66
99
100                <category android:name="android.intent.category.DEFAULT" />
100-->[com.google.firebase:firebase-auth:20.0.3] AndroidManifest.xml:36:17-76
100-->[com.google.firebase:firebase-auth:20.0.3] AndroidManifest.xml:36:27-73
101                <category android:name="android.intent.category.BROWSABLE" />
101-->[com.google.firebase:firebase-auth:20.0.3] AndroidManifest.xml:37:17-78
101-->[com.google.firebase:firebase-auth:20.0.3] AndroidManifest.xml:37:27-75
102
103                <data
103-->[com.google.firebase:firebase-auth:20.0.3] AndroidManifest.xml:39:17-42:51
104                    android:host="firebase.auth"
104-->[com.google.firebase:firebase-auth:20.0.3] AndroidManifest.xml:40:21-49
105                    android:path="/"
105-->[com.google.firebase:firebase-auth:20.0.3] AndroidManifest.xml:41:21-37
106                    android:scheme="genericidp" />
106-->[com.google.firebase:firebase-auth:20.0.3] AndroidManifest.xml:42:21-48
107            </intent-filter>
108        </activity>
109        <activity
109-->[com.google.firebase:firebase-auth:20.0.3] AndroidManifest.xml:45:9-62:20
110            android:name="com.google.firebase.auth.internal.RecaptchaActivity"
110-->[com.google.firebase:firebase-auth:20.0.3] AndroidManifest.xml:46:13-79
111            android:excludeFromRecents="true"
111-->[com.google.firebase:firebase-auth:20.0.3] AndroidManifest.xml:47:13-46
112            android:exported="true"
112-->[com.google.firebase:firebase-auth:20.0.3] AndroidManifest.xml:48:13-36
113            android:launchMode="singleTask"
113-->[com.google.firebase:firebase-auth:20.0.3] AndroidManifest.xml:49:13-44
114            android:theme="@android:style/Theme.Translucent.NoTitleBar" >
114-->[com.google.firebase:firebase-auth:20.0.3] AndroidManifest.xml:50:13-72
115            <intent-filter>
115-->[com.google.firebase:firebase-auth:20.0.3] AndroidManifest.xml:51:13-61:29
116                <action android:name="android.intent.action.VIEW" />
116-->[com.google.firebase:firebase-auth:20.0.3] AndroidManifest.xml:34:17-69
116-->[com.google.firebase:firebase-auth:20.0.3] AndroidManifest.xml:34:25-66
117
118                <category android:name="android.intent.category.DEFAULT" />
118-->[com.google.firebase:firebase-auth:20.0.3] AndroidManifest.xml:36:17-76
118-->[com.google.firebase:firebase-auth:20.0.3] AndroidManifest.xml:36:27-73
119                <category android:name="android.intent.category.BROWSABLE" />
119-->[com.google.firebase:firebase-auth:20.0.3] AndroidManifest.xml:37:17-78
119-->[com.google.firebase:firebase-auth:20.0.3] AndroidManifest.xml:37:27-75
120
121                <data
121-->[com.google.firebase:firebase-auth:20.0.3] AndroidManifest.xml:39:17-42:51
122                    android:host="firebase.auth"
122-->[com.google.firebase:firebase-auth:20.0.3] AndroidManifest.xml:40:21-49
123                    android:path="/"
123-->[com.google.firebase:firebase-auth:20.0.3] AndroidManifest.xml:41:21-37
124                    android:scheme="recaptcha" />
124-->[com.google.firebase:firebase-auth:20.0.3] AndroidManifest.xml:42:21-48
125            </intent-filter>
126        </activity>
127
128        <service
128-->[com.google.firebase:firebase-auth:20.0.3] AndroidManifest.xml:64:9-73:19
129            android:name="com.google.firebase.auth.api.fallback.service.FirebaseAuthFallbackService"
129-->[com.google.firebase:firebase-auth:20.0.3] AndroidManifest.xml:65:13-101
130            android:enabled="true"
130-->[com.google.firebase:firebase-auth:20.0.3] AndroidManifest.xml:66:13-35
131            android:exported="false" >
131-->[com.google.firebase:firebase-auth:20.0.3] AndroidManifest.xml:67:13-37
132            <intent-filter>
132-->[com.google.firebase:firebase-auth:20.0.3] AndroidManifest.xml:68:13-72:29
133                <action android:name="com.google.firebase.auth.api.gms.service.START" />
133-->[com.google.firebase:firebase-auth:20.0.3] AndroidManifest.xml:69:17-89
133-->[com.google.firebase:firebase-auth:20.0.3] AndroidManifest.xml:69:25-86
134
135                <category android:name="android.intent.category.DEFAULT" />
135-->[com.google.firebase:firebase-auth:20.0.3] AndroidManifest.xml:36:17-76
135-->[com.google.firebase:firebase-auth:20.0.3] AndroidManifest.xml:36:27-73
136            </intent-filter>
137        </service>
138        <service
138-->[com.google.firebase:firebase-auth:20.0.3] AndroidManifest.xml:74:9-80:19
139            android:name="com.google.firebase.components.ComponentDiscoveryService"
139-->[com.google.firebase:firebase-auth:20.0.3] AndroidManifest.xml:75:13-84
140            android:directBootAware="true"
140-->[com.google.firebase:firebase-common:19.5.0] AndroidManifest.xml:35:13-43
141            android:exported="false" >
141-->[com.google.firebase:firebase-auth:20.0.3] AndroidManifest.xml:76:13-37
142            <meta-data
142-->[com.google.firebase:firebase-auth:20.0.3] AndroidManifest.xml:77:13-79:85
143                android:name="com.google.firebase.components:com.google.firebase.auth.FirebaseAuthRegistrar"
143-->[com.google.firebase:firebase-auth:20.0.3] AndroidManifest.xml:78:17-109
144                android:value="com.google.firebase.components.ComponentRegistrar" />
144-->[com.google.firebase:firebase-auth:20.0.3] AndroidManifest.xml:79:17-82
145            <meta-data
145-->[com.google.android.gms:play-services-measurement-api:18.0.2] AndroidManifest.xml:30:13-32:85
146                android:name="com.google.firebase.components:com.google.firebase.analytics.connector.internal.AnalyticsConnectorRegistrar"
146-->[com.google.android.gms:play-services-measurement-api:18.0.2] AndroidManifest.xml:31:17-139
147                android:value="com.google.firebase.components.ComponentRegistrar" />
147-->[com.google.android.gms:play-services-measurement-api:18.0.2] AndroidManifest.xml:32:17-82
148            <meta-data
148-->[com.google.firebase:firebase-installations:16.3.5] AndroidManifest.xml:18:13-20:85
149                android:name="com.google.firebase.components:com.google.firebase.installations.FirebaseInstallationsRegistrar"
149-->[com.google.firebase:firebase-installations:16.3.5] AndroidManifest.xml:19:17-127
150                android:value="com.google.firebase.components.ComponentRegistrar" />
150-->[com.google.firebase:firebase-installations:16.3.5] AndroidManifest.xml:20:17-82
151            <!--
152                This registrar is not defined in the dynamic-module-support sdk itself to allow non-firebase
153                clients to use it as well, by defining this registrar in their own core/common library.
154            -->
155            <meta-data
155-->[com.google.firebase:firebase-common:19.5.0] AndroidManifest.xml:43:13-45:85
156                android:name="com.google.firebase.components:com.google.firebase.dynamicloading.DynamicLoadingRegistrar"
156-->[com.google.firebase:firebase-common:19.5.0] AndroidManifest.xml:44:17-121
157                android:value="com.google.firebase.components.ComponentRegistrar" />
157-->[com.google.firebase:firebase-common:19.5.0] AndroidManifest.xml:45:17-82
158        </service>
159
160        <activity
160-->[com.google.android.gms:play-services-auth:19.0.0] AndroidManifest.xml:23:9-27:75
161            android:name="com.google.android.gms.auth.api.signin.internal.SignInHubActivity"
161-->[com.google.android.gms:play-services-auth:19.0.0] AndroidManifest.xml:24:13-93
162            android:excludeFromRecents="true"
162-->[com.google.android.gms:play-services-auth:19.0.0] AndroidManifest.xml:25:13-46
163            android:exported="false"
163-->[com.google.android.gms:play-services-auth:19.0.0] AndroidManifest.xml:26:13-37
164            android:theme="@android:style/Theme.Translucent.NoTitleBar" />
164-->[com.google.android.gms:play-services-auth:19.0.0] AndroidManifest.xml:27:13-72
165        <!--
166            Service handling Google Sign-In user revocation. For apps that do not integrate with
167            Google Sign-In, this service will never be started.
168        -->
169        <service
169-->[com.google.android.gms:play-services-auth:19.0.0] AndroidManifest.xml:33:9-37:51
170            android:name="com.google.android.gms.auth.api.signin.RevocationBoundService"
170-->[com.google.android.gms:play-services-auth:19.0.0] AndroidManifest.xml:34:13-89
171            android:exported="true"
171-->[com.google.android.gms:play-services-auth:19.0.0] AndroidManifest.xml:35:13-36
172            android:permission="com.google.android.gms.auth.api.signin.permission.REVOCATION_NOTIFICATION"
172-->[com.google.android.gms:play-services-auth:19.0.0] AndroidManifest.xml:36:13-107
173            android:visibleToInstantApps="true" />
173-->[com.google.android.gms:play-services-auth:19.0.0] AndroidManifest.xml:37:13-48
174
175        <provider
175-->[com.google.firebase:firebase-common:19.5.0] AndroidManifest.xml:26:9-31:39
176            android:name="com.google.firebase.provider.FirebaseInitProvider"
176-->[com.google.firebase:firebase-common:19.5.0] AndroidManifest.xml:27:13-77
177            android:authorities="com.seasluggames.serenitypixeldungeon.firebaseinitprovider"
177-->[com.google.firebase:firebase-common:19.5.0] AndroidManifest.xml:28:13-72
178            android:directBootAware="true"
178-->[com.google.firebase:firebase-common:19.5.0] AndroidManifest.xml:29:13-43
179            android:exported="false"
179-->[com.google.firebase:firebase-common:19.5.0] AndroidManifest.xml:30:13-37
180            android:initOrder="100" />
180-->[com.google.firebase:firebase-common:19.5.0] AndroidManifest.xml:31:13-36
181
182        <activity
182-->[com.google.android.gms:play-services-base:17.4.0] AndroidManifest.xml:23:9-26:75
183            android:name="com.google.android.gms.common.api.GoogleApiActivity"
183-->[com.google.android.gms:play-services-base:17.4.0] AndroidManifest.xml:24:13-79
184            android:exported="false"
184-->[com.google.android.gms:play-services-base:17.4.0] AndroidManifest.xml:25:13-37
185            android:theme="@android:style/Theme.Translucent.NoTitleBar" />
185-->[com.google.android.gms:play-services-base:17.4.0] AndroidManifest.xml:26:13-72
186
187        <receiver
187-->[com.google.android.gms:play-services-measurement:18.0.2] AndroidManifest.xml:29:9-33:20
188            android:name="com.google.android.gms.measurement.AppMeasurementReceiver"
188-->[com.google.android.gms:play-services-measurement:18.0.2] AndroidManifest.xml:30:13-85
189            android:enabled="true"
189-->[com.google.android.gms:play-services-measurement:18.0.2] AndroidManifest.xml:31:13-35
190            android:exported="false" >
190-->[com.google.android.gms:play-services-measurement:18.0.2] AndroidManifest.xml:32:13-37
191        </receiver>
192
193        <service
193-->[com.google.android.gms:play-services-measurement:18.0.2] AndroidManifest.xml:35:9-38:40
194            android:name="com.google.android.gms.measurement.AppMeasurementService"
194-->[com.google.android.gms:play-services-measurement:18.0.2] AndroidManifest.xml:36:13-84
195            android:enabled="true"
195-->[com.google.android.gms:play-services-measurement:18.0.2] AndroidManifest.xml:37:13-35
196            android:exported="false" />
196-->[com.google.android.gms:play-services-measurement:18.0.2] AndroidManifest.xml:38:13-37
197        <service
197-->[com.google.android.gms:play-services-measurement:18.0.2] AndroidManifest.xml:39:9-43:72
198            android:name="com.google.android.gms.measurement.AppMeasurementJobService"
198-->[com.google.android.gms:play-services-measurement:18.0.2] AndroidManifest.xml:40:13-87
199            android:enabled="true"
199-->[com.google.android.gms:play-services-measurement:18.0.2] AndroidManifest.xml:41:13-35
200            android:exported="false"
200-->[com.google.android.gms:play-services-measurement:18.0.2] AndroidManifest.xml:42:13-37
201            android:permission="android.permission.BIND_JOB_SERVICE" /> <!-- Include the AdActivity and InAppPurchaseActivity configChanges and themes. -->
201-->[com.google.android.gms:play-services-measurement:18.0.2] AndroidManifest.xml:43:13-69
202        <activity
202-->[com.google.android.gms:play-services-ads-lite:19.7.0] AndroidManifest.xml:48:9-52:64
203            android:name="com.google.android.gms.ads.AdActivity"
203-->[com.google.android.gms:play-services-ads-lite:19.7.0] AndroidManifest.xml:49:13-65
204            android:configChanges="keyboard|keyboardHidden|orientation|screenLayout|uiMode|screenSize|smallestScreenSize"
204-->[com.google.android.gms:play-services-ads-lite:19.7.0] AndroidManifest.xml:50:13-122
205            android:exported="false"
205-->[com.google.android.gms:play-services-ads-lite:19.7.0] AndroidManifest.xml:51:13-37
206            android:theme="@android:style/Theme.Translucent" />
206-->[com.google.android.gms:play-services-ads-lite:19.7.0] AndroidManifest.xml:52:13-61
207
208        <provider
208-->[com.google.android.gms:play-services-ads-lite:19.7.0] AndroidManifest.xml:54:9-58:39
209            android:name="com.google.android.gms.ads.MobileAdsInitProvider"
209-->[com.google.android.gms:play-services-ads-lite:19.7.0] AndroidManifest.xml:55:13-76
210            android:authorities="com.seasluggames.serenitypixeldungeon.mobileadsinitprovider"
210-->[com.google.android.gms:play-services-ads-lite:19.7.0] AndroidManifest.xml:56:13-73
211            android:exported="false"
211-->[com.google.android.gms:play-services-ads-lite:19.7.0] AndroidManifest.xml:57:13-37
212            android:initOrder="100" />
212-->[com.google.android.gms:play-services-ads-lite:19.7.0] AndroidManifest.xml:58:13-36
213
214        <service
214-->[com.google.android.gms:play-services-ads-lite:19.7.0] AndroidManifest.xml:60:9-63:40
215            android:name="com.google.android.gms.ads.AdService"
215-->[com.google.android.gms:play-services-ads-lite:19.7.0] AndroidManifest.xml:61:13-64
216            android:enabled="true"
216-->[com.google.android.gms:play-services-ads-lite:19.7.0] AndroidManifest.xml:62:13-35
217            android:exported="false" />
217-->[com.google.android.gms:play-services-ads-lite:19.7.0] AndroidManifest.xml:63:13-37
218
219        <provider
219-->[androidx.work:work-runtime:2.1.0] AndroidManifest.xml:30:9-36:35
220            android:name="androidx.work.impl.WorkManagerInitializer"
220-->[androidx.work:work-runtime:2.1.0] AndroidManifest.xml:31:13-69
221            android:authorities="com.seasluggames.serenitypixeldungeon.workmanager-init"
221-->[androidx.work:work-runtime:2.1.0] AndroidManifest.xml:32:13-68
222            android:directBootAware="false"
222-->[androidx.work:work-runtime:2.1.0] AndroidManifest.xml:33:13-44
223            android:exported="false"
223-->[androidx.work:work-runtime:2.1.0] AndroidManifest.xml:34:13-37
224            android:multiprocess="true" />
224-->[androidx.work:work-runtime:2.1.0] AndroidManifest.xml:35:13-40
225
226        <service
226-->[androidx.work:work-runtime:2.1.0] AndroidManifest.xml:38:9-43:35
227            android:name="androidx.work.impl.background.systemalarm.SystemAlarmService"
227-->[androidx.work:work-runtime:2.1.0] AndroidManifest.xml:39:13-88
228            android:directBootAware="false"
228-->[androidx.work:work-runtime:2.1.0] AndroidManifest.xml:40:13-44
229            android:enabled="@bool/enable_system_alarm_service_default"
229-->[androidx.work:work-runtime:2.1.0] AndroidManifest.xml:41:13-72
230            android:exported="false" />
230-->[androidx.work:work-runtime:2.1.0] AndroidManifest.xml:42:13-37
231        <service
231-->[androidx.work:work-runtime:2.1.0] AndroidManifest.xml:44:9-50:35
232            android:name="androidx.work.impl.background.systemjob.SystemJobService"
232-->[androidx.work:work-runtime:2.1.0] AndroidManifest.xml:45:13-84
233            android:directBootAware="false"
233-->[androidx.work:work-runtime:2.1.0] AndroidManifest.xml:46:13-44
234            android:enabled="@bool/enable_system_job_service_default"
234-->[androidx.work:work-runtime:2.1.0] AndroidManifest.xml:47:13-70
235            android:exported="true"
235-->[androidx.work:work-runtime:2.1.0] AndroidManifest.xml:48:13-36
236            android:permission="android.permission.BIND_JOB_SERVICE" />
236-->[androidx.work:work-runtime:2.1.0] AndroidManifest.xml:49:13-69
237
238        <receiver
238-->[androidx.work:work-runtime:2.1.0] AndroidManifest.xml:52:9-57:35
239            android:name="androidx.work.impl.utils.ForceStopRunnable$BroadcastReceiver"
239-->[androidx.work:work-runtime:2.1.0] AndroidManifest.xml:53:13-88
240            android:directBootAware="false"
240-->[androidx.work:work-runtime:2.1.0] AndroidManifest.xml:54:13-44
241            android:enabled="true"
241-->[androidx.work:work-runtime:2.1.0] AndroidManifest.xml:55:13-35
242            android:exported="false" />
242-->[androidx.work:work-runtime:2.1.0] AndroidManifest.xml:56:13-37
243        <receiver
243-->[androidx.work:work-runtime:2.1.0] AndroidManifest.xml:58:9-68:20
244            android:name="androidx.work.impl.background.systemalarm.ConstraintProxy$BatteryChargingProxy"
244-->[androidx.work:work-runtime:2.1.0] AndroidManifest.xml:59:13-106
245            android:directBootAware="false"
245-->[androidx.work:work-runtime:2.1.0] AndroidManifest.xml:60:13-44
246            android:enabled="false"
246-->[androidx.work:work-runtime:2.1.0] AndroidManifest.xml:61:13-36
247            android:exported="false" >
247-->[androidx.work:work-runtime:2.1.0] AndroidManifest.xml:62:13-37
248            <intent-filter>
248-->[androidx.work:work-runtime:2.1.0] AndroidManifest.xml:64:13-67:29
249                <action android:name="android.intent.action.ACTION_POWER_CONNECTED" />
249-->[androidx.work:work-runtime:2.1.0] AndroidManifest.xml:65:17-87
249-->[androidx.work:work-runtime:2.1.0] AndroidManifest.xml:65:25-84
250                <action android:name="android.intent.action.ACTION_POWER_DISCONNECTED" />
250-->[androidx.work:work-runtime:2.1.0] AndroidManifest.xml:66:17-90
250-->[androidx.work:work-runtime:2.1.0] AndroidManifest.xml:66:25-87
251            </intent-filter>
252        </receiver>
253        <receiver
253-->[androidx.work:work-runtime:2.1.0] AndroidManifest.xml:69:9-79:20
254            android:name="androidx.work.impl.background.systemalarm.ConstraintProxy$BatteryNotLowProxy"
254-->[androidx.work:work-runtime:2.1.0] AndroidManifest.xml:70:13-104
255            android:directBootAware="false"
255-->[androidx.work:work-runtime:2.1.0] AndroidManifest.xml:71:13-44
256            android:enabled="false"
256-->[androidx.work:work-runtime:2.1.0] AndroidManifest.xml:72:13-36
257            android:exported="false" >
257-->[androidx.work:work-runtime:2.1.0] AndroidManifest.xml:73:13-37
258            <intent-filter>
258-->[androidx.work:work-runtime:2.1.0] AndroidManifest.xml:75:13-78:29
259                <action android:name="android.intent.action.BATTERY_OKAY" />
259-->[androidx.work:work-runtime:2.1.0] AndroidManifest.xml:76:17-77
259-->[androidx.work:work-runtime:2.1.0] AndroidManifest.xml:76:25-74
260                <action android:name="android.intent.action.BATTERY_LOW" />
260-->[androidx.work:work-runtime:2.1.0] AndroidManifest.xml:77:17-76
260-->[androidx.work:work-runtime:2.1.0] AndroidManifest.xml:77:25-73
261            </intent-filter>
262        </receiver>
263        <receiver
263-->[androidx.work:work-runtime:2.1.0] AndroidManifest.xml:80:9-90:20
264            android:name="androidx.work.impl.background.systemalarm.ConstraintProxy$StorageNotLowProxy"
264-->[androidx.work:work-runtime:2.1.0] AndroidManifest.xml:81:13-104
265            android:directBootAware="false"
265-->[androidx.work:work-runtime:2.1.0] AndroidManifest.xml:82:13-44
266            android:enabled="false"
266-->[androidx.work:work-runtime:2.1.0] AndroidManifest.xml:83:13-36
267            android:exported="false" >
267-->[androidx.work:work-runtime:2.1.0] AndroidManifest.xml:84:13-37
268            <intent-filter>
268-->[androidx.work:work-runtime:2.1.0] AndroidManifest.xml:86:13-89:29
269                <action android:name="android.intent.action.DEVICE_STORAGE_LOW" />
269-->[androidx.work:work-runtime:2.1.0] AndroidManifest.xml:87:17-83
269-->[androidx.work:work-runtime:2.1.0] AndroidManifest.xml:87:25-80
270                <action android:name="android.intent.action.DEVICE_STORAGE_OK" />
270-->[androidx.work:work-runtime:2.1.0] AndroidManifest.xml:88:17-82
270-->[androidx.work:work-runtime:2.1.0] AndroidManifest.xml:88:25-79
271            </intent-filter>
272        </receiver>
273        <receiver
273-->[androidx.work:work-runtime:2.1.0] AndroidManifest.xml:91:9-100:20
274            android:name="androidx.work.impl.background.systemalarm.ConstraintProxy$NetworkStateProxy"
274-->[androidx.work:work-runtime:2.1.0] AndroidManifest.xml:92:13-103
275            android:directBootAware="false"
275-->[androidx.work:work-runtime:2.1.0] AndroidManifest.xml:93:13-44
276            android:enabled="false"
276-->[androidx.work:work-runtime:2.1.0] AndroidManifest.xml:94:13-36
277            android:exported="false" >
277-->[androidx.work:work-runtime:2.1.0] AndroidManifest.xml:95:13-37
278            <intent-filter>
278-->[androidx.work:work-runtime:2.1.0] AndroidManifest.xml:97:13-99:29
279                <action android:name="android.net.conn.CONNECTIVITY_CHANGE" />
279-->[androidx.work:work-runtime:2.1.0] AndroidManifest.xml:98:17-79
279-->[androidx.work:work-runtime:2.1.0] AndroidManifest.xml:98:25-76
280            </intent-filter>
281        </receiver>
282        <receiver
282-->[androidx.work:work-runtime:2.1.0] AndroidManifest.xml:101:9-112:20